[01m[K/home/cheka108/TDDE05/catkin_ws/src/air_labs/air_lab2/src/ls_to_occ.cpp:[m[K In member function â€˜[01m[Kvoid LStoOCC::laserScanCallback(const LaserScanPtr&)[m[Kâ€™:
[01m[K/home/cheka108/TDDE05/catkin_ws/src/air_labs/air_lab2/src/ls_to_occ.cpp:91:17:[m[K [01;31m[Kerror: [m[Kâ€˜[01m[K_range[m[Kâ€™ was not declared in this scope; did you mean â€˜[01m[Krange[m[Kâ€™?
   91 |                 [01;31m[K_range[m[K,
      |                 [01;31m[K^~~~~~[m[K
      |                 [32m[Krange[m[K
make[2]: *** [CMakeFiles/ls_to_occ.dir/build.make:63: CMakeFiles/ls_to_occ.dir/src/ls_to_occ.cpp.o] Error 1
make[1]: *** [CMakeFiles/Makefile2:201: CMakeFiles/ls_to_occ.dir/all] Error 2
make: *** [Makefile:141: all] Error 2
